d:\zhu\work\opengl\opengl_learning\opengl\debug\vc142.pdb
d:\zhu\work\opengl\opengl_learning\opengl\debug\vc142.idb
d:\zhu\work\opengl\opengl_learning\opengl\debug\vertexbuffer.obj
d:\zhu\work\opengl\opengl_learning\opengl\debug\vertexarray.obj
d:\zhu\work\opengl\opengl_learning\opengl\debug\shader.obj
d:\zhu\work\opengl\opengl_learning\opengl\debug\renderer.obj
d:\zhu\work\opengl\opengl_learning\opengl\debug\inderbuffer.obj
d:\zhu\work\opengl\opengl_learning\opengl\debug\application.obj
d:\zhu\work\opengl\opengl_learning\opengl\debug\stb_image.obj
d:\zhu\work\opengl\opengl_learning\opengl\debug\texture.obj
d:\zhu\work\opengl\opengl_learning\debug\opengl.exe
d:\zhu\work\opengl\opengl_learning\debug\opengl.ilk
d:\zhu\work\opengl\opengl_learning\debug\opengl.pdb
c:\work\hyperbolictimechamber\opengl\opengl\opengl\debug\application.obj
c:\work\hyperbolictimechamber\opengl\opengl\opengl\debug\inderbuffer.obj
c:\work\hyperbolictimechamber\opengl\opengl\opengl\debug\renderer.obj
c:\work\hyperbolictimechamber\opengl\opengl\opengl\debug\shader.obj
c:\work\hyperbolictimechamber\opengl\opengl\opengl\debug\stb_image.obj
c:\work\hyperbolictimechamber\opengl\opengl\opengl\debug\texture.obj
c:\work\hyperbolictimechamber\opengl\opengl\opengl\debug\vertexarray.obj
c:\work\hyperbolictimechamber\opengl\opengl\opengl\debug\vertexbuffer.obj
c:\work\hyperbolictimechamber\opengl\opengl\opengl\debug\vertexarray.obj.enc
c:\work\hyperbolictimechamber\opengl\opengl\opengl\debug\vc140.idb
c:\work\hyperbolictimechamber\opengl\opengl\opengl\debug\vc142.idb
c:\work\hyperbolictimechamber\opengl\opengl\opengl\debug\vc140.pdb
c:\work\hyperbolictimechamber\opengl\opengl\opengl\debug\vc142.pdb
c:\work\hyperbolictimechamber\opengl\opengl\debug\opengl.pdb
c:\work\hyperbolictimechamber\opengl\opengl\debug\opengl.exe
c:\work\hyperbolictimechamber\opengl\opengl\debug\opengl.ilk
c:\work\hyperbolictimechamber\opengl\opengl\opengl\debug\opengl.tlog\cl.command.1.tlog
c:\work\hyperbolictimechamber\opengl\opengl\opengl\debug\opengl.tlog\cl.read.1.tlog
c:\work\hyperbolictimechamber\opengl\opengl\opengl\debug\opengl.tlog\cl.write.1.tlog
c:\work\hyperbolictimechamber\opengl\opengl\opengl\debug\opengl.tlog\link.command.1.tlog
c:\work\hyperbolictimechamber\opengl\opengl\opengl\debug\opengl.tlog\link.read.1.tlog
c:\work\hyperbolictimechamber\opengl\opengl\opengl\debug\opengl.tlog\link.write.1.tlog
